<?xml version="1.0" encoding="UTF-8"?>
<coverage generated="1440262791">
  <project timestamp="1440262791">
    <package name="Optimus\Architect">
      <file name="/home/vagrant/code/laravel-controller/src/Architect.php">
        <class name="Architect" namespace="Optimus\Architect">
          <metrics methods="6" coveredmethods="3" conditionals="0" coveredconditionals="0" statements="61" coveredstatements="54" elements="67" coveredelements="57"/>
        </class>
        <line num="19" type="method" name="parseData" crap="4.37" count="22"/>
        <line num="21" type="stmt" count="22"/>
        <line num="24" type="stmt" count="3"/>
        <line num="25" type="stmt" count="22"/>
        <line num="27" type="stmt" count="22"/>
        <line num="28" type="stmt" count="22"/>
        <line num="29" type="stmt" count="22"/>
        <line num="30" type="stmt" count="0"/>
        <line num="33" type="stmt" count="22"/>
        <line num="34" type="stmt" count="22"/>
        <line num="35" type="stmt" count="22"/>
        <line num="36" type="stmt" count="0"/>
        <line num="37" type="stmt" count="0"/>
        <line num="40" type="stmt" count="0"/>
        <line num="43" type="stmt" count="22"/>
        <line num="54" type="method" name="parseCollection" crap="4" count="22"/>
        <line num="56" type="stmt" count="22"/>
        <line num="57" type="stmt" count="7"/>
        <line num="58" type="stmt" count="7"/>
        <line num="59" type="stmt" count="7"/>
        <line num="60" type="stmt" count="22"/>
        <line num="61" type="method" name="anonymous function" crap="1" count="15"/>
        <line num="62" type="stmt" count="15"/>
        <line num="63" type="stmt" count="15"/>
        <line num="64" type="stmt" count="15"/>
        <line num="66" type="stmt" count="22"/>
        <line num="77" type="method" name="parseResource" crap="6.02" count="22"/>
        <line num="79" type="stmt" count="22"/>
        <line num="80" type="stmt" count="22"/>
        <line num="82" type="stmt" count="22"/>
        <line num="85" type="stmt" count="22"/>
        <line num="86" type="stmt" count="22"/>
        <line num="87" type="stmt" count="22"/>
        <line num="88" type="stmt" count="22"/>
        <line num="89" type="stmt" count="0"/>
        <line num="92" type="stmt" count="22"/>
        <line num="94" type="stmt" count="22"/>
        <line num="95" type="stmt" count="22"/>
        <line num="96" type="stmt" count="22"/>
        <line num="100" type="stmt" count="12"/>
        <line num="103" type="stmt" count="12"/>
        <line num="107" type="stmt" count="12"/>
        <line num="109" type="stmt" count="12"/>
        <line num="110" type="stmt" count="12"/>
        <line num="111" type="stmt" count="12"/>
        <line num="112" type="stmt" count="0"/>
        <line num="117" type="stmt" count="22"/>
        <line num="118" type="stmt" count="22"/>
        <line num="119" type="stmt" count="22"/>
        <line num="121" type="stmt" count="22"/>
        <line num="129" type="method" name="resolveMode" crap="2" count="22"/>
        <line num="131" type="stmt" count="22"/>
        <line num="132" type="stmt" count="22"/>
        <line num="133" type="stmt" count="22"/>
        <line num="135" type="stmt" count="22"/>
        <line num="143" type="method" name="createModeResolver" crap="4.01" count="22"/>
        <line num="145" type="stmt" count="22"/>
        <line num="147" type="stmt" count="22"/>
        <line num="148" type="stmt" count="22"/>
        <line num="149" type="stmt" count="6"/>
        <line num="150" type="stmt" count="6"/>
        <line num="151" type="stmt" count="16"/>
        <line num="152" type="stmt" count="6"/>
        <line num="153" type="stmt" count="6"/>
        <line num="154" type="stmt" count="10"/>
        <line num="155" type="stmt" count="10"/>
        <line num="156" type="stmt" count="10"/>
        <line num="157" type="stmt" count="0"/>
        <line num="159" type="stmt" count="22"/>
        <metrics loc="162" ncloc="115" classes="1" methods="6" coveredmethods="3" conditionals="0" coveredconditionals="0" statements="63" coveredstatements="56" elements="69" coveredelements="59"/>
      </file>
      <file name="/home/vagrant/code/laravel-controller/src/Utility.php">
        <class name="Utility" namespace="Optimus\Architect">
          <metrics methods="3" coveredmethods="1" conditionals="0" coveredconditionals="0" statements="14" coveredstatements="11" elements="17" coveredelements="12"/>
        </class>
        <line num="16" type="method" name="getProperty" crap="3.33" count="16"/>
        <line num="18" type="stmt" count="16"/>
        <line num="19" type="stmt" count="16"/>
        <line num="21" type="stmt" count="0"/>
        <line num="31" type="method" name="setProperty" crap="5.20" count="22"/>
        <line num="35" type="stmt" count="22"/>
        <line num="36" type="stmt" count="8"/>
        <line num="37" type="stmt" count="8"/>
        <line num="38" type="stmt" count="8"/>
        <line num="39" type="stmt" count="0"/>
        <line num="41" type="stmt" count="22"/>
        <line num="42" type="stmt" count="14"/>
        <line num="43" type="stmt" count="14"/>
        <line num="44" type="stmt" count="0"/>
        <line num="46" type="stmt" count="22"/>
        <line num="53" type="method" name="isCollection" crap="2" count="22"/>
        <line num="55" type="stmt" count="22"/>
        <metrics loc="58" ncloc="37" classes="1" methods="3" coveredmethods="1" conditionals="0" coveredconditionals="0" statements="14" coveredstatements="11" elements="17" coveredelements="12"/>
      </file>
    </package>
    <package name="Optimus\Architect\ModeResolver">
      <file name="/home/vagrant/code/laravel-controller/src/ModeResolver/EmbedModeResolver.php">
        <class name="EmbedModeResolver" namespace="Optimus\Architect\ModeResolver">
          <metrics methods="1" coveredmethods="1" conditionals="0" coveredconditionals="0" statements="1" coveredstatements="1" elements="2" coveredelements="2"/>
        </class>
        <line num="18" type="method" name="resolve" crap="1" count="6"/>
        <line num="20" type="stmt" count="6"/>
        <metrics loc="23" ncloc="14" classes="1" methods="1" coveredmethods="1" conditionals="0" coveredconditionals="0" statements="1" coveredstatements="1" elements="2" coveredelements="2"/>
      </file>
      <file name="/home/vagrant/code/laravel-controller/src/ModeResolver/IdsModeResolver.php">
        <class name="IdsModeResolver" namespace="Optimus\Architect\ModeResolver">
          <metrics methods="2" coveredmethods="2" conditionals="0" coveredconditionals="0" statements="6" coveredstatements="6" elements="8" coveredelements="8"/>
        </class>
        <line num="20" type="method" name="resolve" crap="3" count="16"/>
        <line num="22" type="stmt" count="16"/>
        <line num="24" type="stmt" count="5"/>
        <line num="25" type="stmt" count="5"/>
        <line num="26" type="stmt" count="11"/>
        <line num="27" type="method" name="anonymous function" crap="1" count="11"/>
        <line num="28" type="stmt" count="11"/>
        <line num="29" type="stmt" count="11"/>
        <line num="31" type="stmt" count="0"/>
        <metrics loc="33" ncloc="24" classes="1" methods="2" coveredmethods="2" conditionals="0" coveredconditionals="0" statements="7" coveredstatements="6" elements="9" coveredelements="8"/>
      </file>
      <file name="/home/vagrant/code/laravel-controller/src/ModeResolver/SideloadModeResolver.php">
        <class name="SideloadModeResolver" namespace="Optimus\Architect\ModeResolver">
          <metrics methods="6" coveredmethods="6" conditionals="0" coveredconditionals="0" statements="32" coveredstatements="32" elements="38" coveredelements="38"/>
        </class>
        <line num="14" type="method" name="__construct" crap="1" count="10"/>
        <line num="15" type="stmt" count="10"/>
        <line num="16" type="stmt" count="10"/>
        <line num="27" type="method" name="resolve" crap="1" count="10"/>
        <line num="29" type="stmt" count="10"/>
        <line num="31" type="stmt" count="10"/>
        <line num="41" type="method" name="addCollectionToRoot" crap="2" count="10"/>
        <line num="43" type="stmt" count="10"/>
        <line num="44" type="stmt" count="10"/>
        <line num="45" type="stmt" count="10"/>
        <line num="46" type="stmt" count="10"/>
        <line num="48" type="stmt" count="10"/>
        <line num="57" type="method" name="mergeRootCollection" crap="4" count="10"/>
        <line num="59" type="stmt" count="10"/>
        <line num="60" type="stmt" count="3"/>
        <line num="61" type="stmt" count="3"/>
        <line num="62" type="stmt" count="3"/>
        <line num="63" type="stmt" count="10"/>
        <line num="64" type="method" name="anonymous function" crap="1" count="7"/>
        <line num="65" type="stmt" count="7"/>
        <line num="66" type="stmt" count="7"/>
        <line num="67" type="stmt" count="7"/>
        <line num="68" type="stmt" count="10"/>
        <line num="76" type="method" name="addResourceToRootCollectionIfNonExistant" crap="7" count="10"/>
        <line num="78" type="stmt" count="10"/>
        <line num="79" type="stmt" count="10"/>
        <line num="81" type="stmt" count="10"/>
        <line num="83" type="stmt" count="10"/>
        <line num="84" type="stmt" count="10"/>
        <line num="85" type="stmt" count="1"/>
        <line num="86" type="stmt" count="1"/>
        <line num="88" type="stmt" count="10"/>
        <line num="90" type="stmt" count="10"/>
        <line num="91" type="stmt" count="9"/>
        <line num="92" type="stmt" count="3"/>
        <line num="93" type="stmt" count="9"/>
        <line num="94" type="stmt" count="6"/>
        <line num="95" type="stmt" count="6"/>
        <line num="96" type="stmt" count="9"/>
        <line num="97" type="stmt" count="10"/>
        <metrics loc="99" ncloc="70" classes="1" methods="6" coveredmethods="6" conditionals="0" coveredconditionals="0" statements="34" coveredstatements="34" elements="40" coveredelements="40"/>
      </file>
    </package>
    <file name="/home/vagrant/code/laravel-controller/src/ModeResolver/ModeResolverInterface.php">
      <metrics loc="9" ncloc="9" classes="0" methods="0" coveredmethods="0" conditionals="0" coveredconditionals="0" statements="0" coveredstatements="0" elements="0" coveredelements="0"/>
    </file>
    <metrics files="6" loc="384" ncloc="269" classes="5" methods="18" coveredmethods="13" conditionals="0" coveredconditionals="0" statements="119" coveredstatements="108" elements="137" coveredelements="121"/>
  </project>
</coverage>
